2019-05-25 21:26:52.554  INFO 35356 --- [main] c.baobao.hellodemo.HelloDemoApplicaiton  : Starting HelloDemoApplicaiton on tomasgaodeMacBook-Pro.local with PID 35356 (/Users/tomas/workspace/hellodemo/target/classes started by tomas in /Users/tomas/workspace/hellodemo)
2019-05-25 21:26:52.558  INFO 35356 --- [main] c.baobao.hellodemo.HelloDemoApplicaiton  : No active profile set, falling back to default profiles: default
2019-05-25 21:26:54.086  INFO 35356 --- [main] o.s.b.w.embedded.tomcat.TomcatWebServer  : Tomcat initialized with port(s): 8080 (http)
2019-05-25 21:26:54.113  INFO 35356 --- [main] o.apache.catalina.core.StandardService   : Starting service [Tomcat]
2019-05-25 21:26:54.114  INFO 35356 --- [main] org.apache.catalina.core.StandardEngine  : Starting Servlet engine: [Apache Tomcat/9.0.17]
2019-05-25 21:26:54.216  INFO 35356 --- [main] o.a.c.c.C.[Tomcat].[localhost].[/]       : Initializing Spring embedded WebApplicationContext
2019-05-25 21:26:54.216  INFO 35356 --- [main] o.s.web.context.ContextLoader            : Root WebApplicationContext: initialization completed in 1588 ms
2019-05-25 21:26:54.733  INFO 35356 --- [main] o.s.s.concurrent.ThreadPoolTaskExecutor  : Initializing ExecutorService 'applicationTaskExecutor'
2019-05-25 21:26:55.030  INFO 35356 --- [main] o.s.b.w.embedded.tomcat.TomcatWebServer  : Tomcat started on port(s): 8080 (http) with context path ''
2019-05-25 21:26:55.037  INFO 35356 --- [main] c.baobao.hellodemo.HelloDemoApplicaiton  : Started HelloDemoApplicaiton in 3.092 seconds (JVM running for 4.415)
2019-05-25 21:27:04.699  INFO 35356 --- [http-nio-8080-exec-1] o.a.c.c.C.[Tomcat].[localhost].[/]       : Initializing Spring DispatcherServlet 'dispatcherServlet'
2019-05-25 21:27:04.701  INFO 35356 --- [http-nio-8080-exec-1] o.s.web.servlet.DispatcherServlet        : Initializing Servlet 'dispatcherServlet'
2019-05-25 21:27:04.731  INFO 35356 --- [http-nio-8080-exec-1] o.s.web.servlet.DispatcherServlet        : Completed initialization in 29 ms
2019-05-25 21:27:04.947  INFO 35356 --- [http-nio-8080-exec-1] com.zaxxer.hikari.HikariDataSource       : HikariPool-1 - Starting...
2019-05-25 21:27:08.117  INFO 35356 --- [http-nio-8080-exec-1] com.zaxxer.hikari.HikariDataSource       : HikariPool-1 - Start completed.
2019-05-25 21:28:51.878  INFO 35356 --- [Thread-9] o.s.s.concurrent.ThreadPoolTaskExecutor  : Shutting down ExecutorService 'applicationTaskExecutor'
2019-05-25 21:28:51.884  INFO 35356 --- [Thread-9] com.zaxxer.hikari.HikariDataSource       : HikariPool-1 - Shutdown initiated...
2019-05-25 21:28:51.938  INFO 35356 --- [Thread-9] com.zaxxer.hikari.HikariDataSource       : HikariPool-1 - Shutdown completed.
2019-05-25 21:28:58.387  INFO 35374 --- [main] c.baobao.hellodemo.HelloDemoApplicaiton  : Starting HelloDemoApplicaiton on tomasgaodeMacBook-Pro.local with PID 35374 (/Users/tomas/workspace/hellodemo/target/classes started by tomas in /Users/tomas/workspace/hellodemo)
2019-05-25 21:28:58.392  INFO 35374 --- [main] c.baobao.hellodemo.HelloDemoApplicaiton  : No active profile set, falling back to default profiles: default
2019-05-25 21:28:59.876  INFO 35374 --- [main] o.s.b.w.embedded.tomcat.TomcatWebServer  : Tomcat initialized with port(s): 8080 (http)
2019-05-25 21:28:59.903  INFO 35374 --- [main] o.apache.catalina.core.StandardService   : Starting service [Tomcat]
2019-05-25 21:28:59.904  INFO 35374 --- [main] org.apache.catalina.core.StandardEngine  : Starting Servlet engine: [Apache Tomcat/9.0.17]
2019-05-25 21:29:00.004  INFO 35374 --- [main] o.a.c.c.C.[Tomcat].[localhost].[/]       : Initializing Spring embedded WebApplicationContext
2019-05-25 21:29:00.005  INFO 35374 --- [main] o.s.web.context.ContextLoader            : Root WebApplicationContext: initialization completed in 1555 ms
2019-05-25 21:29:00.497  INFO 35374 --- [main] o.s.s.concurrent.ThreadPoolTaskExecutor  : Initializing ExecutorService 'applicationTaskExecutor'
2019-05-25 21:29:00.779  INFO 35374 --- [main] o.s.b.w.embedded.tomcat.TomcatWebServer  : Tomcat started on port(s): 8080 (http) with context path ''
2019-05-25 21:29:00.784  INFO 35374 --- [main] c.baobao.hellodemo.HelloDemoApplicaiton  : Started HelloDemoApplicaiton in 3.123 seconds (JVM running for 4.207)
2019-05-25 21:29:12.610  INFO 35374 --- [http-nio-8080-exec-1] o.a.c.c.C.[Tomcat].[localhost].[/]       : Initializing Spring DispatcherServlet 'dispatcherServlet'
2019-05-25 21:29:12.612  INFO 35374 --- [http-nio-8080-exec-1] o.s.web.servlet.DispatcherServlet        : Initializing Servlet 'dispatcherServlet'
2019-05-25 21:29:12.631  INFO 35374 --- [http-nio-8080-exec-1] o.s.web.servlet.DispatcherServlet        : Completed initialization in 18 ms
2019-05-25 21:29:12.801  INFO 35374 --- [http-nio-8080-exec-1] com.zaxxer.hikari.HikariDataSource       : HikariPool-1 - Starting...
2019-05-25 21:29:20.161  INFO 35374 --- [http-nio-8080-exec-1] com.zaxxer.hikari.HikariDataSource       : HikariPool-1 - Start completed.
2019-05-25 22:32:40.770  WARN 35374 --- [HikariPool-1 housekeeper] com.zaxxer.hikari.pool.HikariPool        : HikariPool-1 - Thread starvation or clock leap detected (housekeeper delta=40m20s313ms).
2019-05-25 22:40:06.711  INFO 35374 --- [Thread-9] o.s.s.concurrent.ThreadPoolTaskExecutor  : Shutting down ExecutorService 'applicationTaskExecutor'
2019-05-25 22:40:06.714  INFO 35374 --- [Thread-9] com.zaxxer.hikari.HikariDataSource       : HikariPool-1 - Shutdown initiated...
2019-05-25 22:40:06.726  INFO 35374 --- [Thread-9] com.zaxxer.hikari.HikariDataSource       : HikariPool-1 - Shutdown completed.
